# JRE version: OpenJDK Runtime Environment Temurin-21.0.10+7 (21.0.10+7) (build 21.0.10+7-LTS)
# Java VM: OpenJDK 64-Bit Server VM Temurin-21.0.10+7 (21.0.10+7-LTS, mixed mode, sharing, tiered, compressed oops, compressed class ptrs, parallel gc, windows-amd64)
GC Precious Log:
 CardTable entry size: 512
 CPUs: 16 total, 16 available
 Memory: 32497M
 Large Page Support: Disabled
 NUMA Support: Disabled
 Compressed Oops: Enabled (32-bit)
 Alignments: Space 512K, Generation 512K, Heap 2M
 Heap Min Capacity: 100M
 Heap Initial Capacity: 100M
 Heap Max Capacity: 2G
 Pre-touch: Disabled
 Parallel Workers: 13
Heap:
 PSYoungGen      total 23040K, used 9020K [0x00000000d5580000, 0x00000000d6e00000, 0x0000000100000000)
  eden space 20992K, 35% used [0x00000000d5580000,0x00000000d5cb7a50,0x00000000d6a00000)
  from space 2048K, 79% used [0x00000000d6c00000,0x00000000d6d97680,0x00000000d6e00000)
  to   space 2048K, 0% used [0x00000000d6a00000,0x00000000d6a00000,0x00000000d6c00000)
 ParOldGen       total 84480K, used 84196K [0x0000000080000000, 0x0000000085280000, 0x00000000d5580000)
  object space 84480K, 99% used [0x0000000080000000,0x0000000085239368,0x0000000085280000)
 Metaspace       used 76279K, committed 77952K, reserved 1179648K
  class space    used 8866K, committed 9536K, reserved 1048576K
GC Heap History (20 events):
Event: 51.901 GC heap before
{Heap before GC invocations=76 (full 3):
 PSYoungGen      total 22016K, used 21992K [0x00000000d5580000, 0x00000000d6f00000, 0x0000000100000000)
  eden space 20992K, 100% used [0x00000000d5580000,0x00000000d6a00000,0x00000000d6a00000)
  from space 1024K, 97% used [0x00000000d6c00000,0x00000000d6cfa108,0x00000000d6d00000)
  to   space 2048K, 0% used [0x00000000d6a00000,0x00000000d6a00000,0x00000000d6c00000)
 ParOldGen       total 75264K, used 75239K [0x0000000080000000, 0x0000000084980000, 0x00000000d5580000)
  object space 75264K, 99% used [0x0000000080000000,0x0000000084979dc0,0x0000000084980000)
 Metaspace       used 72051K, committed 73600K, reserved 1114112K
  class space    used 8446K, committed 9088K, reserved 1048576K
}
Event: 51.902 GC heap after
{Heap after GC invocations=76 (full 3):
 PSYoungGen      total 22528K, used 1248K [0x00000000d5580000, 0x00000000d6d00000, 0x0000000100000000)
  eden space 20992K, 0% used [0x00000000d5580000,0x00000000d5580000,0x00000000d6a00000)
  from space 1536K, 81% used [0x00000000d6a00000,0x00000000d6b38000,0x00000000d6b80000)
  to   space 1536K, 0% used [0x00000000d6b80000,0x00000000d6b80000,0x00000000d6d00000)
 ParOldGen       total 76800K, used 76255K [0x0000000080000000, 0x0000000084b00000, 0x00000000d5580000)
  object space 76800K, 99% used [0x0000000080000000,0x0000000084a77ec8,0x0000000084b00000)
 Metaspace       used 72051K, committed 73600K, reserved 1114112K
  class space    used 8446K, committed 9088K, reserved 1048576K
}
Event: 51.907 GC heap before
{Heap before GC invocations=77 (full 3):
 PSYoungGen      total 22528K, used 22240K [0x00000000d5580000, 0x00000000d6d00000, 0x0000000100000000)
  eden space 20992K, 100% used [0x00000000d5580000,0x00000000d6a00000,0x00000000d6a00000)
  from space 1536K, 81% used [0x00000000d6a00000,0x00000000d6b38000,0x00000000d6b80000)
  to   space 1536K, 0% used [0x00000000d6b80000,0x00000000d6b80000,0x00000000d6d00000)
 ParOldGen       total 76800K, used 76255K [0x0000000080000000, 0x0000000084b00000, 0x00000000d5580000)
  object space 76800K, 99% used [0x0000000080000000,0x0000000084a77ec8,0x0000000084b00000)
 Metaspace       used 72051K, committed 73600K, reserved 1114112K
  class space    used 8446K, committed 9088K, reserved 1048576K
}
Event: 51.908 GC heap after
{Heap after GC invocations=77 (full 3):
 PSYoungGen      total 22528K, used 1200K [0x00000000d5580000, 0x00000000d6d00000, 0x0000000100000000)
  eden space 20992K, 0% used [0x00000000d5580000,0x00000000d5580000,0x00000000d6a00000)
  from space 1536K, 78% used [0x00000000d6b80000,0x00000000d6cac010,0x00000000d6d00000)
  to   space 1536K, 0% used [0x00000000d6a00000,0x00000000d6a00000,0x00000000d6b80000)
 ParOldGen       total 77824K, used 77327K [0x0000000080000000, 0x0000000084c00000, 0x00000000d5580000)
  object space 77824K, 99% used [0x0000000080000000,0x0000000084b83ee8,0x0000000084c00000)
 Metaspace       used 72051K, committed 73600K, reserved 1114112K
  class space    used 8446K, committed 9088K, reserved 1048576K
}
Event: 51.914 GC heap before
{Heap before GC invocations=78 (full 3):
 PSYoungGen      total 22528K, used 22192K [0x00000000d5580000, 0x00000000d6d00000, 0x0000000100000000)
  eden space 20992K, 100% used [0x00000000d5580000,0x00000000d6a00000,0x00000000d6a00000)
  from space 1536K, 78% used [0x00000000d6b80000,0x00000000d6cac010,0x00000000d6d00000)
  to   space 1536K, 0% used [0x00000000d6a00000,0x00000000d6a00000,0x00000000d6b80000)
 ParOldGen       total 77824K, used 77327K [0x0000000080000000, 0x0000000084c00000, 0x00000000d5580000)
  object space 77824K, 99% used [0x0000000080000000,0x0000000084b83ee8,0x0000000084c00000)
 Metaspace       used 72051K, committed 73600K, reserved 1114112K
  class space    used 8446K, committed 9088K, reserved 1048576K
}
Event: 51.914 GC heap after
{Heap after GC invocations=78 (full 3):
 PSYoungGen      total 22016K, used 672K [0x00000000d5580000, 0x00000000d6c00000, 0x0000000100000000)
  eden space 20992K, 0% used [0x00000000d5580000,0x00000000d5580000,0x00000000d6a00000)
  from space 1024K, 65% used [0x00000000d6a00000,0x00000000d6aa8000,0x00000000d6b00000)
  to   space 1024K, 0% used [0x00000000d6b00000,0x00000000d6b00000,0x00000000d6c00000)
 ParOldGen       total 78848K, used 78367K [0x0000000080000000, 0x0000000084d00000, 0x00000000d5580000)
  object space 78848K, 99% used [0x0000000080000000,0x0000000084c87ef8,0x0000000084d00000)
 Metaspace       used 72051K, committed 73600K, reserved 1114112K
  class space    used 8446K, committed 9088K, reserved 1048576K
}
Event: 51.920 GC heap before
{Heap before GC invocations=79 (full 3):
 PSYoungGen      total 22016K, used 21664K [0x00000000d5580000, 0x00000000d6c00000, 0x0000000100000000)
  eden space 20992K, 100% used [0x00000000d5580000,0x00000000d6a00000,0x00000000d6a00000)
  from space 1024K, 65% used [0x00000000d6a00000,0x00000000d6aa8000,0x00000000d6b00000)
  to   space 1024K, 0% used [0x00000000d6b00000,0x00000000d6b00000,0x00000000d6c00000)
 ParOldGen       total 78848K, used 78367K [0x0000000080000000, 0x0000000084d00000, 0x00000000d5580000)
  object space 78848K, 99% used [0x0000000080000000,0x0000000084c87ef8,0x0000000084d00000)
 Metaspace       used 72051K, committed 73600K, reserved 1114112K
  class space    used 8446K, committed 9088K, reserved 1048576K
}
Event: 51.921 GC heap after
{Heap after GC invocations=79 (full 3):
 PSYoungGen      total 22016K, used 544K [0x00000000d5580000, 0x00000000d6c00000, 0x0000000100000000)
  eden space 20992K, 0% used [0x00000000d5580000,0x00000000d5580000,0x00000000d6a00000)
  from space 1024K, 53% used [0x00000000d6b00000,0x00000000d6b88000,0x00000000d6c00000)
  to   space 1024K, 0% used [0x00000000d6a00000,0x00000000d6a00000,0x00000000d6b00000)
 ParOldGen       total 79360K, used 78969K [0x0000000080000000, 0x0000000084d80000, 0x00000000d5580000)
  object space 79360K, 99% used [0x0000000080000000,0x0000000084d1e5a8,0x0000000084d80000)
 Metaspace       used 72051K, committed 73600K, reserved 1114112K
  class space    used 8446K, committed 9088K, reserved 1048576K
}
Event: 51.941 GC heap before
{Heap before GC invocations=80 (full 3):
 PSYoungGen      total 22016K, used 21536K [0x00000000d5580000, 0x00000000d6c00000, 0x0000000100000000)
  eden space 20992K, 100% used [0x00000000d5580000,0x00000000d6a00000,0x00000000d6a00000)
  from space 1024K, 53% used [0x00000000d6b00000,0x00000000d6b88000,0x00000000d6c00000)
  to   space 1024K, 0% used [0x00000000d6a00000,0x00000000d6a00000,0x00000000d6b00000)
 ParOldGen       total 79360K, used 78969K [0x0000000080000000, 0x0000000084d80000, 0x00000000d5580000)
  object space 79360K, 99% used [0x0000000080000000,0x0000000084d1e5a8,0x0000000084d80000)
 Metaspace       used 72051K, committed 73600K, reserved 1114112K
  class space    used 8446K, committed 9088K, reserved 1048576K
}
Event: 51.942 GC heap after
{Heap after GC invocations=80 (full 3):
 PSYoungGen      total 22016K, used 736K [0x00000000d5580000, 0x00000000d6c00000, 0x0000000100000000)
  eden space 20992K, 0% used [0x00000000d5580000,0x00000000d5580000,0x00000000d6a00000)
  from space 1024K, 71% used [0x00000000d6a00000,0x00000000d6ab8000,0x00000000d6b00000)
  to   space 1024K, 0% used [0x00000000d6b00000,0x00000000d6b00000,0x00000000d6c00000)
 ParOldGen       total 79360K, used 79358K [0x0000000080000000, 0x0000000084d80000, 0x00000000d5580000)
  object space 79360K, 99% used [0x0000000080000000,0x0000000084d7f900,0x0000000084d80000)
 Metaspace       used 72051K, committed 73600K, reserved 1114112K
  class space    used 8446K, committed 9088K, reserved 1048576K
}
Event: 52.715 GC heap before
{Heap before GC invocations=81 (full 3):
 PSYoungGen      total 22016K, used 21728K [0x00000000d5580000, 0x00000000d6c00000, 0x0000000100000000)
  eden space 20992K, 100% used [0x00000000d5580000,0x00000000d6a00000,0x00000000d6a00000)
  from space 1024K, 71% used [0x00000000d6a00000,0x00000000d6ab8000,0x00000000d6b00000)
  to   space 1024K, 0% used [0x00000000d6b00000,0x00000000d6b00000,0x00000000d6c00000)
 ParOldGen       total 79360K, used 79358K [0x0000000080000000, 0x0000000084d80000, 0x00000000d5580000)
  object space 79360K, 99% used [0x0000000080000000,0x0000000084d7f900,0x0000000084d80000)
 Metaspace       used 72596K, committed 74176K, reserved 1114112K
  class space    used 8493K, committed 9152K, reserved 1048576K
}
Event: 52.716 GC heap after
{Heap after GC invocations=81 (full 3):
 PSYoungGen      total 22016K, used 893K [0x00000000d5580000, 0x00000000d6c00000, 0x0000000100000000)
  eden space 20992K, 0% used [0x00000000d5580000,0x00000000d5580000,0x00000000d6a00000)
  from space 1024K, 87% used [0x00000000d6b00000,0x00000000d6bdf628,0x00000000d6c00000)
  to   space 1024K, 0% used [0x00000000d6a00000,0x00000000d6a00000,0x00000000d6b00000)
 ParOldGen       total 80384K, used 79898K [0x0000000080000000, 0x0000000084e80000, 0x00000000d5580000)
  object space 80384K, 99% used [0x0000000080000000,0x0000000084e06bc0,0x0000000084e80000)
 Metaspace       used 72596K, committed 74176K, reserved 1114112K
  class space    used 8493K, committed 9152K, reserved 1048576K
}
Event: 52.763 GC heap before
{Heap before GC invocations=82 (full 3):
 PSYoungGen      total 22016K, used 21885K [0x00000000d5580000, 0x00000000d6c00000, 0x0000000100000000)
  eden space 20992K, 100% used [0x00000000d5580000,0x00000000d6a00000,0x00000000d6a00000)
  from space 1024K, 87% used [0x00000000d6b00000,0x00000000d6bdf628,0x00000000d6c00000)
  to   space 1024K, 0% used [0x00000000d6a00000,0x00000000d6a00000,0x00000000d6b00000)
 ParOldGen       total 80384K, used 79898K [0x0000000080000000, 0x0000000084e80000, 0x00000000d5580000)
  object space 80384K, 99% used [0x0000000080000000,0x0000000084e06bc0,0x0000000084e80000)
 Metaspace       used 73187K, committed 74752K, reserved 1114112K
  class space    used 8583K, committed 9280K, reserved 1048576K
}
Event: 52.764 GC heap after
{Heap after GC invocations=82 (full 3):
 PSYoungGen      total 22016K, used 992K [0x00000000d5580000, 0x00000000d7000000, 0x0000000100000000)
  eden space 20992K, 0% used [0x00000000d5580000,0x00000000d5580000,0x00000000d6a00000)
  from space 1024K, 96% used [0x00000000d6a00000,0x00000000d6af8020,0x00000000d6b00000)
  to   space 3072K, 0% used [0x00000000d6d00000,0x00000000d6d00000,0x00000000d7000000)
 ParOldGen       total 81408K, used 81367K [0x0000000080000000, 0x0000000084f80000, 0x00000000d5580000)
  object space 81408K, 99% used [0x0000000080000000,0x0000000084f75da8,0x0000000084f80000)
 Metaspace       used 73187K, committed 74752K, reserved 1114112K
  class space    used 8583K, committed 9280K, reserved 1048576K
}
Event: 52.810 GC heap before
{Heap before GC invocations=83 (full 3):
 PSYoungGen      total 22016K, used 21984K [0x00000000d5580000, 0x00000000d7000000, 0x0000000100000000)
  eden space 20992K, 100% used [0x00000000d5580000,0x00000000d6a00000,0x00000000d6a00000)
  from space 1024K, 96% used [0x00000000d6a00000,0x00000000d6af8020,0x00000000d6b00000)
  to   space 3072K, 0% used [0x00000000d6d00000,0x00000000d6d00000,0x00000000d7000000)
 ParOldGen       total 81408K, used 81367K [0x0000000080000000, 0x0000000084f80000, 0x00000000d5580000)
  object space 81408K, 99% used [0x0000000080000000,0x0000000084f75da8,0x0000000084f80000)
 Metaspace       used 73669K, committed 75264K, reserved 1179648K
  class space    used 8616K, committed 9280K, reserved 1048576K
}
Event: 52.811 GC heap after
{Heap after GC invocations=83 (full 3):
 PSYoungGen      total 24064K, used 2548K [0x00000000d5580000, 0x00000000d7000000, 0x0000000100000000)
  eden space 20992K, 0% used [0x00000000d5580000,0x00000000d5580000,0x00000000d6a00000)
  from space 3072K, 82% used [0x00000000d6d00000,0x00000000d6f7d060,0x00000000d7000000)
  to   space 3072K, 0% used [0x00000000d6a00000,0x00000000d6a00000,0x00000000d6d00000)
 ParOldGen       total 82432K, used 82247K [0x0000000080000000, 0x0000000085080000, 0x00000000d5580000)
  object space 82432K, 99% used [0x0000000080000000,0x0000000085051db8,0x0000000085080000)
 Metaspace       used 73669K, committed 75264K, reserved 1179648K
  class space    used 8616K, committed 9280K, reserved 1048576K
}
Event: 52.830 GC heap before
{Heap before GC invocations=84 (full 3):
 PSYoungGen      total 24064K, used 23540K [0x00000000d5580000, 0x00000000d7000000, 0x0000000100000000)
  eden space 20992K, 100% used [0x00000000d5580000,0x00000000d6a00000,0x00000000d6a00000)
  from space 3072K, 82% used [0x00000000d6d00000,0x00000000d6f7d060,0x00000000d7000000)
  to   space 3072K, 0% used [0x00000000d6a00000,0x00000000d6a00000,0x00000000d6d00000)
 ParOldGen       total 82432K, used 82247K [0x0000000080000000, 0x0000000085080000, 0x00000000d5580000)
  object space 82432K, 99% used [0x0000000080000000,0x0000000085051db8,0x0000000085080000)
 Metaspace       used 73749K, committed 75328K, reserved 1179648K
  class space    used 8619K, committed 9280K, reserved 1048576K
}
Event: 52.831 GC heap after
{Heap after GC invocations=84 (full 3):
 PSYoungGen      total 22528K, used 1090K [0x00000000d5580000, 0x00000000d6e00000, 0x0000000100000000)
  eden space 20992K, 0% used [0x00000000d5580000,0x00000000d5580000,0x00000000d6a00000)
  from space 1536K, 70% used [0x00000000d6a00000,0x00000000d6b109a8,0x00000000d6b80000)
  to   space 2048K, 0% used [0x00000000d6c00000,0x00000000d6c00000,0x00000000d6e00000)
 ParOldGen       total 83968K, used 83778K [0x0000000080000000, 0x0000000085200000, 0x00000000d5580000)
  object space 83968K, 99% used [0x0000000080000000,0x00000000851d0a58,0x0000000085200000)
 Metaspace       used 73749K, committed 75328K, reserved 1179648K
  class space    used 8619K, committed 9280K, reserved 1048576K
}
Event: 53.004 GC heap before
{Heap before GC invocations=85 (full 3):
 PSYoungGen      total 22528K, used 22082K [0x00000000d5580000, 0x00000000d6e00000, 0x0000000100000000)
  eden space 20992K, 100% used [0x00000000d5580000,0x00000000d6a00000,0x00000000d6a00000)
  from space 1536K, 70% used [0x00000000d6a00000,0x00000000d6b109a8,0x00000000d6b80000)
  to   space 2048K, 0% used [0x00000000d6c00000,0x00000000d6c00000,0x00000000d6e00000)
 ParOldGen       total 83968K, used 83778K [0x0000000080000000, 0x0000000085200000, 0x00000000d5580000)
  object space 83968K, 99% used [0x0000000080000000,0x00000000851d0a58,0x0000000085200000)
 Metaspace       used 75982K, committed 77568K, reserved 1179648K
  class space    used 8842K, committed 9536K, reserved 1048576K
}
Event: 53.005 GC heap after
{Heap after GC invocations=85 (full 3):
 PSYoungGen      total 23040K, used 1629K [0x00000000d5580000, 0x00000000d6e00000, 0x0000000100000000)
  eden space 20992K, 0% used [0x00000000d5580000,0x00000000d5580000,0x00000000d6a00000)
  from space 2048K, 79% used [0x00000000d6c00000,0x00000000d6d97680,0x00000000d6e00000)
  to   space 2048K, 0% used [0x00000000d6a00000,0x00000000d6a00000,0x00000000d6c00000)
 ParOldGen       total 84480K, used 84196K [0x0000000080000000, 0x0000000085280000, 0x00000000d5580000)
  object space 84480K, 99% used [0x0000000080000000,0x0000000085239368,0x0000000085280000)
 Metaspace       used 75982K, committed 77568K, reserved 1179648K
  class space    used 8842K, committed 9536K, reserved 1048576K
}

